2025-06-16 09:06:24 | utils.browser_utils  | ERROR    | setup_driver:102 | Failed to setup WebDriver: [WinError 193] %1 is not a valid Win32 application
2025-06-16 09:07:28 | utils.browser_utils  | ERROR    | setup_driver:102 | Failed to setup WebDriver: [WinError 193] %1 is not a valid Win32 application
2025-06-16 09:08:17 | utils.browser_utils  | ERROR    | setup_driver:109 | Failed to setup WebDriver: [WinError 193] %1 is not a valid Win32 application
2025-06-16 09:09:36 | utils.browser_utils  | ERROR    | setup_driver:109 | Failed to setup WebDriver: [WinError 193] %1 is not a valid Win32 application
2025-06-17 20:58:45 | test                 | ERROR    | test_logging_system:94 | Error message test
2025-06-17 21:00:25 | test                 | ERROR    | test_logging_system:94 | Error message test
2025-06-17 21:09:39 | utils.browser_utils  | ERROR    | setup_driver:114 | Failed to setup WebDriver: [WinError 123] The filename, directory name, or volume label syntax is incorrect: 'C:\\Users\\burak\\PycharmProjects\\FacebookMarketplaceBot\\drivers\\profiles\\fb_s*****1_at_gmail_com'
2025-06-17 21:09:39 | facebook_bot_s*****1@gmail.com | ERROR    | _setup_browser:161 | Failed to setup browser driver
2025-06-17 21:09:39 | utils.browser_utils  | ERROR    | setup_driver:114 | Failed to setup WebDriver: [WinError 123] The filename, directory name, or volume label syntax is incorrect: 'C:\\Users\\burak\\PycharmProjects\\FacebookMarketplaceBot\\drivers\\profiles\\fb_s*****1_at_gmail_com'
2025-06-17 21:09:39 | facebook_bot_s*****1@gmail.com | ERROR    | _setup_browser:161 | Failed to setup browser driver
2025-06-17 21:13:26 | utils.browser_utils  | ERROR    | find_element_safe:292 | Error finding element css_selector=input[name="email"]: Message: invalid argument: invalid locator
  (Session info: chrome=137.0.7151.104)
Stacktrace:
	GetHandleVerifier [0x0x9d3b03+62899]
	GetHandleVerifier [0x0x9d3b44+62964]
	(No symbol) [0x0x8010f3]
	(No symbol) [0x0x849349]
	(No symbol) [0x0x849bab]
	(No symbol) [0x0x8925c2]
	(No symbol) [0x0x86e554]
	(No symbol) [0x0x88fd81]
	(No symbol) [0x0x86e306]
	(No symbol) [0x0x83d670]
	(No symbol) [0x0x83e4e4]
	GetHandleVerifier [0x0xc34793+2556483]
	GetHandleVerifier [0x0xc2fd02+2537394]
	GetHandleVerifier [0x0x9fa2fa+220586]
	GetHandleVerifier [0x0x9eaae8+157080]
	GetHandleVerifier [0x0x9f141d+184013]
	GetHandleVerifier [0x0x9dba68+95512]
	GetHandleVerifier [0x0x9dbc10+95936]
	GetHandleVerifier [0x0x9c6b5a+9738]
	BaseThreadInitThunk [0x0x75cf5d49+25]
	RtlInitializeExceptionChain [0x0x7714d09b+107]
	RtlGetAppContainerNamedObjectPath [0x0x7714d021+561]

2025-06-17 21:13:54 | utils.browser_utils  | ERROR    | find_element_safe:292 | Error finding element css_selector=input[name="email"]: Message: invalid argument: invalid locator
  (Session info: chrome=137.0.7151.104)
Stacktrace:
	GetHandleVerifier [0x0x9d3b03+62899]
	GetHandleVerifier [0x0x9d3b44+62964]
	(No symbol) [0x0x8010f3]
	(No symbol) [0x0x849349]
	(No symbol) [0x0x849bab]
	(No symbol) [0x0x8925c2]
	(No symbol) [0x0x86e554]
	(No symbol) [0x0x88fd81]
	(No symbol) [0x0x86e306]
	(No symbol) [0x0x83d670]
	(No symbol) [0x0x83e4e4]
	GetHandleVerifier [0x0xc34793+2556483]
	GetHandleVerifier [0x0xc2fd02+2537394]
	GetHandleVerifier [0x0x9fa2fa+220586]
	GetHandleVerifier [0x0x9eaae8+157080]
	GetHandleVerifier [0x0x9f141d+184013]
	GetHandleVerifier [0x0x9dba68+95512]
	GetHandleVerifier [0x0x9dbc10+95936]
	GetHandleVerifier [0x0x9c6b5a+9738]
	BaseThreadInitThunk [0x0x75cf5d49+25]
	RtlInitializeExceptionChain [0x0x7714d09b+107]
	RtlGetAppContainerNamedObjectPath [0x0x7714d021+561]

